<?xml version="1.0" encoding="UTF-8"?>
<!-- Generated by org.testng.reporters.JUnitXMLReporter -->
<testsuite ignored="0" hostname="IBM-707DBY3" failures="0" tests="3" name="IBM_Testing" time="4.869" errors="0" timestamp="2024-02-06T10:17:50 IST">
  <testcase classname="Activity9" name="simpleAlertTestCase" time="0.109"/>
  <testcase classname="Activity9" name="confirmAlertTestCase" time="0.058"/>
  <testcase classname="Activity9" name="promptAlertTestCase" time="0.073"/>
</testsuite> <!-- IBM_Testing -->
