<?xml version="1.0" encoding="UTF-8"?>
<testng-results ignored="0" total="3" passed="3" failed="0" skipped="0">
  <reporter-output>
    <line>
      <![CDATA[Starting Test |]]>
    </line>
    <line>
      <![CDATA[Opened Browser |]]>
    </line>
    <line>
      <![CDATA[Page title is Javascript Alerts |]]>
    </line>
    <line>
      <![CDATA[Test Case Setup started |]]>
    </line>
    <line>
      <![CDATA[simpleAlertTestCase() started |]]>
    </line>
    <line>
      <![CDATA[Simple Alert opened |]]>
    </line>
    <line>
      <![CDATA[Switched foucs to alert |]]>
    </line>
    <line>
      <![CDATA[Alert text is: This is a JavaScript Alert! |]]>
    </line>
    <line>
      <![CDATA[Alert closed]]>
    </line>
    <line>
      <![CDATA[Test case ended |]]>
    </line>
    <line>
      <![CDATA[Test Case Setup started |]]>
    </line>
    <line>
      <![CDATA[confirmAlertTestCase() started |]]>
    </line>
    <line>
      <![CDATA[Confirm Alert opened |]]>
    </line>
    <line>
      <![CDATA[Switched foucs to alert |]]>
    </line>
    <line>
      <![CDATA[Alert text is: This is a JavaScript Confirmation! |]]>
    </line>
    <line>
      <![CDATA[Alert closed |]]>
    </line>
    <line>
      <![CDATA[Test case ended |]]>
    </line>
    <line>
      <![CDATA[Test Case Setup started |]]>
    </line>
    <line>
      <![CDATA[promptAlertTestCase() started |]]>
    </line>
    <line>
      <![CDATA[Prompt Alert opened |]]>
    </line>
    <line>
      <![CDATA[Switched foucs to alert |]]>
    </line>
    <line>
      <![CDATA[Alert text is: This is a JavaScript Prompt! |]]>
    </line>
    <line>
      <![CDATA[Text entered in prompt alert |]]>
    </line>
    <line>
      <![CDATA[Alert closed |]]>
    </line>
    <line>
      <![CDATA[Test case ended |]]>
    </line>
    <line>
      <![CDATA[Ending Test |]]>
    </line>
  </reporter-output>
  <suite started-at="2024-02-06T10:17:45 IST" name="Default Suite" finished-at="2024-02-06T10:17:50 IST" duration-ms="4869">
    <groups>
    </groups>
    <test started-at="2024-02-06T10:17:45 IST" name="IBM_Testing" finished-at="2024-02-06T10:17:50 IST" duration-ms="4869">
      <class name="Activity9">
        <test-method is-config="true" signature="setUp()[pri:0, instance:Activity9@48aaecc3]" started-at="2024-02-06T10:17:45 IST" name="setUp" finished-at="2024-02-06T10:17:49 IST" duration-ms="3934" status="PASS">
          <reporter-output>
            <line>
              <![CDATA[Starting Test |]]>
            </line>
            <line>
              <![CDATA[Opened Browser |]]>
            </line>
            <line>
              <![CDATA[Page title is Javascript Alerts |]]>
            </line>
          </reporter-output>
        </test-method> <!-- setUp -->
        <test-method is-config="true" signature="beforeMethod()[pri:0, instance:Activity9@48aaecc3]" started-at="2024-02-06T10:17:49 IST" name="beforeMethod" finished-at="2024-02-06T10:17:49 IST" duration-ms="13" status="PASS">
          <reporter-output>
            <line>
              <![CDATA[Test Case Setup started |]]>
            </line>
          </reporter-output>
        </test-method> <!-- beforeMethod -->
        <test-method signature="simpleAlertTestCase()[pri:0, instance:Activity9@48aaecc3]" started-at="2024-02-06T10:17:49 IST" name="simpleAlertTestCase" finished-at="2024-02-06T10:17:49 IST" duration-ms="109" status="PASS">
          <reporter-output>
            <line>
              <![CDATA[simpleAlertTestCase() started |]]>
            </line>
            <line>
              <![CDATA[Simple Alert opened |]]>
            </line>
            <line>
              <![CDATA[Switched foucs to alert |]]>
            </line>
            <line>
              <![CDATA[Alert text is: This is a JavaScript Alert! |]]>
            </line>
            <line>
              <![CDATA[Alert closed]]>
            </line>
            <line>
              <![CDATA[Test case ended |]]>
            </line>
          </reporter-output>
        </test-method> <!-- simpleAlertTestCase -->
        <test-method is-config="true" signature="beforeMethod()[pri:0, instance:Activity9@48aaecc3]" started-at="2024-02-06T10:17:49 IST" name="beforeMethod" finished-at="2024-02-06T10:17:49 IST" duration-ms="4" status="PASS">
          <reporter-output>
            <line>
              <![CDATA[Test Case Setup started |]]>
            </line>
          </reporter-output>
        </test-method> <!-- beforeMethod -->
        <test-method signature="confirmAlertTestCase()[pri:1, instance:Activity9@48aaecc3]" started-at="2024-02-06T10:17:49 IST" name="confirmAlertTestCase" finished-at="2024-02-06T10:17:49 IST" duration-ms="58" status="PASS">
          <reporter-output>
            <line>
              <![CDATA[confirmAlertTestCase() started |]]>
            </line>
            <line>
              <![CDATA[Confirm Alert opened |]]>
            </line>
            <line>
              <![CDATA[Switched foucs to alert |]]>
            </line>
            <line>
              <![CDATA[Alert text is: This is a JavaScript Confirmation! |]]>
            </line>
            <line>
              <![CDATA[Alert closed |]]>
            </line>
            <line>
              <![CDATA[Test case ended |]]>
            </line>
          </reporter-output>
        </test-method> <!-- confirmAlertTestCase -->
        <test-method is-config="true" signature="beforeMethod()[pri:0, instance:Activity9@48aaecc3]" started-at="2024-02-06T10:17:49 IST" name="beforeMethod" finished-at="2024-02-06T10:17:49 IST" duration-ms="6" status="PASS">
          <reporter-output>
            <line>
              <![CDATA[Test Case Setup started |]]>
            </line>
          </reporter-output>
        </test-method> <!-- beforeMethod -->
        <test-method signature="promptAlertTestCase()[pri:2, instance:Activity9@48aaecc3]" started-at="2024-02-06T10:17:49 IST" name="promptAlertTestCase" finished-at="2024-02-06T10:17:49 IST" duration-ms="73" status="PASS">
          <reporter-output>
            <line>
              <![CDATA[promptAlertTestCase() started |]]>
            </line>
            <line>
              <![CDATA[Prompt Alert opened |]]>
            </line>
            <line>
              <![CDATA[Switched foucs to alert |]]>
            </line>
            <line>
              <![CDATA[Alert text is: This is a JavaScript Prompt! |]]>
            </line>
            <line>
              <![CDATA[Text entered in prompt alert |]]>
            </line>
            <line>
              <![CDATA[Alert closed |]]>
            </line>
            <line>
              <![CDATA[Test case ended |]]>
            </line>
          </reporter-output>
        </test-method> <!-- promptAlertTestCase -->
        <test-method is-config="true" signature="tearDown()[pri:0, instance:Activity9@48aaecc3]" started-at="2024-02-06T10:17:49 IST" name="tearDown" finished-at="2024-02-06T10:17:50 IST" duration-ms="634" status="PASS">
          <reporter-output>
            <line>
              <![CDATA[Ending Test |]]>
            </line>
          </reporter-output>
        </test-method> <!-- tearDown -->
      </class> <!-- Activity9 -->
    </test> <!-- IBM_Testing -->
  </suite> <!-- Default Suite -->
</testng-results>
